<?xml version="1.0" encoding="UTF-8"?>
<!-- Generated by org.testng.reporters.JUnitReportReporter -->
<testsuite hostname="prasad" failures="0" tests="1" name="dDT.OrganizationTest" time="0.013" errors="0" timestamp="2022-09-09T12:44:08 IST" skipped="0">
  <testcase classname="dDT.OrganizationTest" name="createOrganization" time="0.013"/>
  <system-out/>
</testsuite> <!-- dDT.OrganizationTest -->
