<?xml version="1.0" encoding="UTF-8"?>
<!-- Generated by org.testng.reporters.JUnitReportReporter -->
<testsuite hostname="prasad" failures="0" tests="1" name="sampleTests.DemoTest" time="0.012" errors="0" timestamp="2022-09-08T20:19:57 IST" skipped="0">
  <testcase classname="sampleTests.DemoTest" name="demo" time="0.012"/>
  <system-out/>
</testsuite> <!-- sampleTests.DemoTest -->
