<?xml version="1.0" encoding="UTF-8"?>
<!-- Generated by org.testng.reporters.JUnitReportReporter -->
<testsuite hostname="prasad" failures="0" tests="1" name="sampleTests.Demo" time="0.016" errors="0" timestamp="2022-09-08T17:41:47 IST" skipped="0">
  <testcase classname="sampleTests.Demo" name="demo" time="0.016"/>
  <system-out/>
</testsuite> <!-- sampleTests.Demo -->
